This file contains any messages produced by compilers while
running configure, to aid debugging if configure makes a mistake.

It was created by uncrustify configure 0.62, which was
generated by GNU Autoconf 2.69.  Invocation command line was

  $ ./configure 

## --------- ##
## Platform. ##
## --------- ##

hostname = johangas-X230
uname -m = x86_64
uname -r = 3.19.0-58-generic
uname -s = Linux
uname -v = #64~14.04.1-Ubuntu SMP Fri Mar 18 19:05:43 UTC 2016

/usr/bin/uname -p = unknown
/bin/uname -X     = unknown

/bin/arch              = unknown
/usr/bin/arch -k       = unknown
/usr/convex/getsysinfo = unknown
/usr/bin/hostinfo      = unknown
/bin/machine           = unknown
/usr/bin/oslevel       = unknown
/bin/universe          = unknown

PATH: /usr/local/sbin
PATH: /usr/local/bin
PATH: /usr/sbin
PATH: /usr/bin
PATH: /sbin
PATH: /bin


## ----------- ##
## Core tests. ##
## ----------- ##

configure:2293: checking for a BSD-compatible install
configure:2361: result: /usr/bin/install -c
configure:2372: checking whether build environment is sane
configure:2427: result: yes
configure:2578: checking for a thread-safe mkdir -p
configure:2617: result: /bin/mkdir -p
configure:2624: checking for gawk
configure:2654: result: no
configure:2624: checking for mawk
configure:2640: found /usr/bin/mawk
configure:2651: result: mawk
configure:2662: checking whether make sets $(MAKE)
configure:2684: result: yes
configure:2713: checking whether make supports nested variables
configure:2730: result: yes
configure:2857: checking whether to enable maintainer-specific portions of Makefiles
configure:2866: result: no
configure:2942: checking for g++
configure:2972: result: no
configure:2942: checking for c++
configure:2972: result: no
configure:2942: checking for gpp
configure:2972: result: no
configure:2942: checking for aCC
configure:2972: result: no
configure:2942: checking for CC
configure:2972: result: no
configure:2942: checking for cxx
configure:2972: result: no
configure:2942: checking for cc++
configure:2972: result: no
configure:2942: checking for cl.exe
configure:2972: result: no
configure:2942: checking for FCC
configure:2972: result: no
configure:2942: checking for KCC
configure:2972: result: no
configure:2942: checking for RCC
configure:2972: result: no
configure:2942: checking for xlC_r
configure:2972: result: no
configure:2942: checking for xlC
configure:2972: result: no
configure:2996: checking for C++ compiler version
configure:3005: g++ --version >&5
./configure: line 3007: g++: command not found
configure:3016: $? = 127
configure:3005: g++ -v >&5
./configure: line 3007: g++: command not found
configure:3016: $? = 127
configure:3005: g++ -V >&5
./configure: line 3007: g++: command not found
configure:3016: $? = 127
configure:3005: g++ -qversion >&5
./configure: line 3007: g++: command not found
configure:3016: $? = 127
configure:3036: checking whether the C++ compiler works
configure:3058: g++    conftest.cpp  >&5
./configure: line 3060: g++: command not found
configure:3062: $? = 127
configure:3100: result: no
configure: failed program was:
| /* confdefs.h */
| #define PACKAGE_NAME "uncrustify"
| #define PACKAGE_TARNAME "uncrustify"
| #define PACKAGE_VERSION "0.62"
| #define PACKAGE_STRING "uncrustify 0.62"
| #define PACKAGE_BUGREPORT ""
| #define PACKAGE_URL "http://uncrustify.sourceforge.net/"
| #define PACKAGE "uncrustify"
| #define VERSION "0.62"
| /* end confdefs.h.  */
| 
| int
| main ()
| {
| 
|   ;
|   return 0;
| }
configure:3105: error: in `/home/johan/thesis/uncrustify-0.62':
configure:3107: error: C++ compiler cannot create executables
See `config.log' for more details

## ---------------- ##
## Cache variables. ##
## ---------------- ##

ac_cv_env_CCC_set=
ac_cv_env_CCC_value=
ac_cv_env_CC_set=
ac_cv_env_CC_value=
ac_cv_env_CFLAGS_set=
ac_cv_env_CFLAGS_value=
ac_cv_env_CPPFLAGS_set=
ac_cv_env_CPPFLAGS_value=
ac_cv_env_CPP_set=
ac_cv_env_CPP_value=
ac_cv_env_CXXFLAGS_set=
ac_cv_env_CXXFLAGS_value=
ac_cv_env_CXX_set=
ac_cv_env_CXX_value=
ac_cv_env_LDFLAGS_set=
ac_cv_env_LDFLAGS_value=
ac_cv_env_LIBS_set=
ac_cv_env_LIBS_value=
ac_cv_env_build_alias_set=
ac_cv_env_build_alias_value=
ac_cv_env_host_alias_set=
ac_cv_env_host_alias_value=
ac_cv_env_target_alias_set=
ac_cv_env_target_alias_value=
ac_cv_path_install='/usr/bin/install -c'
ac_cv_path_mkdir=/bin/mkdir
ac_cv_prog_AWK=mawk
ac_cv_prog_make_make_set=yes
am_cv_make_support_nested_variables=yes

## ----------------- ##
## Output variables. ##
## ----------------- ##

ACLOCAL='${SHELL} /home/johan/thesis/uncrustify-0.62/missing aclocal-1.14'
AMDEPBACKSLASH=''
AMDEP_FALSE=''
AMDEP_TRUE=''
AMTAR='$${TAR-tar}'
AM_BACKSLASH='\'
AM_DEFAULT_V='$(AM_DEFAULT_VERBOSITY)'
AM_DEFAULT_VERBOSITY='0'
AM_V='$(V)'
AUTOCONF='${SHELL} /home/johan/thesis/uncrustify-0.62/missing autoconf'
AUTOHEADER='${SHELL} /home/johan/thesis/uncrustify-0.62/missing autoheader'
AUTOMAKE='${SHELL} /home/johan/thesis/uncrustify-0.62/missing automake-1.14'
AWK='mawk'
CC=''
CCDEPMODE=''
CFLAGS=''
CPP=''
CPPFLAGS=''
CXX='g++'
CXXDEPMODE=''
CXXFLAGS=''
CYGPATH_W='echo'
DEFS=''
DEPDIR=''
ECHO_C=''
ECHO_N='-n'
ECHO_T=''
EGREP=''
EXEEXT=''
GREP=''
INSTALL_DATA='${INSTALL} -m 644'
INSTALL_PROGRAM='${INSTALL}'
INSTALL_SCRIPT='${INSTALL}'
INSTALL_STRIP_PROGRAM='$(install_sh) -c -s'
LDFLAGS=''
LIBOBJS=''
LIBS=''
LTLIBOBJS=''
MAINT='#'
MAINTAINER_MODE_FALSE=''
MAINTAINER_MODE_TRUE='#'
MAKEINFO='${SHELL} /home/johan/thesis/uncrustify-0.62/missing makeinfo'
MKDIR_P='/bin/mkdir -p'
OBJEXT=''
PACKAGE='uncrustify'
PACKAGE_BUGREPORT=''
PACKAGE_NAME='uncrustify'
PACKAGE_STRING='uncrustify 0.62'
PACKAGE_TARNAME='uncrustify'
PACKAGE_URL='http://uncrustify.sourceforge.net/'
PACKAGE_VERSION='0.62'
PATH_SEPARATOR=':'
SET_MAKE=''
SHELL='/bin/bash'
STRIP=''
VERSION='0.62'
ac_ct_CC=''
ac_ct_CXX=''
am__EXEEXT_FALSE=''
am__EXEEXT_TRUE=''
am__fastdepCC_FALSE=''
am__fastdepCC_TRUE=''
am__fastdepCXX_FALSE=''
am__fastdepCXX_TRUE=''
am__include=''
am__isrc=''
am__leading_dot='.'
am__nodep=''
am__quote=''
am__tar='$${TAR-tar} chof - "$$tardir"'
am__untar='$${TAR-tar} xf -'
bindir='${exec_prefix}/bin'
build_alias=''
datadir='${datarootdir}'
datarootdir='${prefix}/share'
docdir='${datarootdir}/doc/${PACKAGE_TARNAME}'
dvidir='${docdir}'
exec_prefix='NONE'
host_alias=''
htmldir='${docdir}'
includedir='${prefix}/include'
infodir='${datarootdir}/info'
install_sh='${SHELL} /home/johan/thesis/uncrustify-0.62/install-sh'
libdir='${exec_prefix}/lib'
libexecdir='${exec_prefix}/libexec'
localedir='${datarootdir}/locale'
localstatedir='${prefix}/var'
mandir='${datarootdir}/man'
mkdir_p='$(MKDIR_P)'
oldincludedir='/usr/include'
pdfdir='${docdir}'
prefix='NONE'
program_transform_name='s,x,x,'
psdir='${docdir}'
sbindir='${exec_prefix}/sbin'
sharedstatedir='${prefix}/com'
sysconfdir='${prefix}/etc'
target_alias=''

## ----------- ##
## confdefs.h. ##
## ----------- ##

/* confdefs.h */
#define PACKAGE_NAME "uncrustify"
#define PACKAGE_TARNAME "uncrustify"
#define PACKAGE_VERSION "0.62"
#define PACKAGE_STRING "uncrustify 0.62"
#define PACKAGE_BUGREPORT ""
#define PACKAGE_URL "http://uncrustify.sourceforge.net/"
#define PACKAGE "uncrustify"
#define VERSION "0.62"

configure: exit 77
