\BOOKMARK [1][-]{section.1}{Background}{}% 1
\BOOKMARK [2][-]{subsection.1.1}{Technical background}{section.1}% 2
\BOOKMARK [3][-]{subsubsection.1.1.1}{Contiki}{subsection.1.1}% 3
\BOOKMARK [3][-]{subsubsection.1.1.2}{Proto threads}{subsection.1.1}% 4
\BOOKMARK [3][-]{subsubsection.1.1.3}{BLE}{subsection.1.1}% 5
\BOOKMARK [3][-]{subsubsection.1.1.4}{GATT}{subsection.1.1}% 6
\BOOKMARK [3][-]{subsubsection.1.1.5}{GAP}{subsection.1.1}% 7
\BOOKMARK [3][-]{subsubsection.1.1.6}{IPSP}{subsection.1.1}% 8
\BOOKMARK [3][-]{subsubsection.1.1.7}{6LoWPAN}{subsection.1.1}% 9
\BOOKMARK [3][-]{subsubsection.1.1.8}{nRF52832}{subsection.1.1}% 10
\BOOKMARK [2][-]{subsection.1.2}{Nordic Semiconductor Smartphone Apps}{section.1}% 11
\BOOKMARK [2][-]{subsection.1.3}{Summary}{section.1}% 12
\BOOKMARK [1][-]{section.2}{Introduction}{}% 13
\BOOKMARK [1][-]{section.3}{Purpose}{}% 14
\BOOKMARK [1][-]{section.4}{The Contiki port}{}% 15
\BOOKMARK [1][-]{section.5}{Method}{}% 16
\BOOKMARK [2][-]{subsection.5.1}{Process}{section.5}% 17
\BOOKMARK [2][-]{subsection.5.2}{Optimizations}{section.5}% 18
\BOOKMARK [1][-]{section.6}{Application implementation}{}% 19
\BOOKMARK [2][-]{subsection.6.1}{CoAP}{section.6}% 20
\BOOKMARK [2][-]{subsection.6.2}{DTLS}{section.6}% 21
\BOOKMARK [1][-]{section.7}{Results and Discussion}{}% 22
\BOOKMARK [2][-]{subsection.7.1}{Optimizations}{section.7}% 23
\BOOKMARK [2][-]{subsection.7.2}{Measurements}{section.7}% 24
\BOOKMARK [2][-]{subsection.7.3}{Analysis}{section.7}% 25
\BOOKMARK [2][-]{subsection.7.4}{Discussion}{section.7}% 26
\BOOKMARK [1][-]{section.8}{Future work}{}% 27
\BOOKMARK [1][-]{section.9}{Summary}{}% 28
\BOOKMARK [1][-]{section.10}{Acknowledgements}{}% 29
\BOOKMARK [1][-]{appendix.A}{Aasdasd}{}% 30
